[2016-09-15 10:17:59] START
[2016-09-15 14:48:51] EDIT deteni2/models/db.py: 0
[2016-09-15 14:49:05] EDIT deteni2/models/db.py: 0
[2016-09-15 14:49:19] EDIT deteni2/models/db.py: 0
[2016-09-15 14:49:26] EDIT deteni2/models/db.py: 0
[2016-09-15 15:09:59] CREATE deteni2.py: 0
[2016-09-15 15:11:16] EDIT deteni2/controllers/deteni2.py: 0
[2016-09-15 15:11:42] EDIT deteni2/controllers/deteni2.py: 1
[2016-09-15 15:13:29] EDIT deteni2/controllers/default.py: 2
[2016-09-15 15:15:45] DELETE deteni2/controllers/deteni2.py: -2
[2016-09-15 15:16:08] EDIT deteni2/controllers/default.py: -41
[2016-09-15 15:18:38] EDIT deteni2/controllers/default.py: 0
[2016-09-15 15:18:45] EDIT deteni2/controllers/default.py: 0
[2016-09-15 15:20:06] EDIT deteni2/controllers/default.py: 0
[2016-09-15 15:20:22] EDIT deteni2/controllers/default.py: 0
[2016-09-15 15:22:03] EDIT deteni2/controllers/default.py: 0
[2016-09-15 15:31:15] EDIT deteni2/views/default/index.html: -40
[2016-09-15 15:31:34] EDIT deteni2/views/default/index.html: 0
[2016-09-15 15:33:38] EDIT deteni2/views/default/index.html: 0
[2016-09-15 15:43:07] EDIT deteni2/views/default/index.html: -4
[2016-09-15 15:43:30] EDIT deteni2/views/default/index.html: -1
[2016-09-15 15:43:51] EDIT deteni2/views/default/index.html: 2
[2016-09-15 15:45:54] EDIT deteni2/views/default/index.html: 1
[2016-09-15 15:46:08] EDIT deteni2/views/default/index.html: 0
[2016-09-15 15:46:11] EDIT deteni2/views/default/index.html: 0
[2016-09-15 16:05:30] EDIT deteni2/views/default/index.html: 0
[2016-09-15 16:49:41] EDIT deteni2/views/default/index.html: 0
[2016-09-15 16:50:32] EDIT deteni2/views/default/index.html: 2
[2016-09-15 16:50:50] EDIT deteni2/views/default/index.html: 0
[2016-09-15 17:07:22] EDIT deteni2/controllers/default.py: 1
[2016-09-15 17:07:56] EDIT deteni2/controllers/default.py: 0
[2016-09-15 17:08:11] EDIT deteni2/controllers/default.py: 0
[2016-09-15 17:08:30] EDIT deteni2/controllers/default.py: 0
[2016-09-15 17:08:48] EDIT deteni2/controllers/default.py: 0
[2016-09-15 17:09:14] EDIT deteni2/controllers/default.py: 0
[2016-09-15 17:10:01] EDIT deteni2/controllers/default.py: 0
[2016-09-15 17:11:41] CREATE deteni2.py: 0
[2016-09-15 17:12:05] EDIT deteni2/controllers/deteni2.py: 2
[2016-09-15 17:23:27] DELETE deteni2/controllers/deteni2.py: -3
[2016-09-15 17:23:38] EDIT deteni2/controllers/default.py: 3
[2016-09-15 17:24:22] EDIT deteni2/controllers/default.py: -4
[2016-09-15 17:24:46] EDIT deteni2/views/default/index.html: 0
[2016-09-15 17:25:19] EDIT deteni2/views/default/index.html: -9
[2016-09-15 17:25:30] EDIT deteni2/views/default/index.html: 6
[2016-09-15 17:41:21] EDIT deteni2/controllers/default.py: 0
[2016-09-15 18:05:52] EDIT deteni2/models/db.py: 0
[2016-09-15 18:06:41] EDIT deteni2/models/db.py: 0
[2016-09-15 18:07:14] EDIT deteni2/models/db.py: 0
[2016-09-15 18:07:16] EDIT deteni2/models/db.py: 0
[2016-09-15 18:07:53] EDIT deteni2/models/db.py: 1
[2016-09-15 18:23:26] EDIT deteni2/controllers/default.py: 1
[2016-09-15 18:23:40] EDIT deteni2/controllers/default.py: 0
[2016-09-15 18:23:45] EDIT deteni2/controllers/default.py: 0
[2016-09-15 18:23:54] EDIT deteni2/controllers/default.py: 0
[2016-09-15 18:57:03] EDIT deteni2/views/default/index.html: 0
[2016-09-15 18:57:30] EDIT deteni2/views/default/index.html: 1
[2016-09-15 18:57:59] EDIT deteni2/views/default/index.html: 0
[2016-09-15 18:58:09] EDIT deteni2/views/default/index.html: 0
[2016-09-15 19:01:11] EDIT deteni2/views/default/index.html: 0
[2016-09-22 16:12:34] CREATE formulario.html: 0
[2016-09-22 16:15:17] EDIT deteni2/views/formulario.html: -1
[2016-09-22 16:18:03] EDIT deteni2/views/formulario.html: 2
[2016-09-22 16:26:19] EDIT deteni2/views/formulario.html: 0
[2016-09-22 16:33:43] DELETE deteni2/views/formulario.html: -4
[2016-09-22 16:36:01] CREATE calabozoformulario.html: 0
[2016-09-22 19:03:37] CREATE ingreso.py: 0
[2016-09-22 19:13:16] EDIT deteni2/controllers/ingreso.py: 8
[2016-09-22 19:13:56] EDIT deteni2/controllers/ingreso.py: 0
[2016-09-22 19:15:17] CREATE salida.py: 0
[2016-09-22 19:16:19] EDIT deteni2/controllers/salida.py: 9
[2016-09-22 19:17:23] EDIT deteni2/controllers/salida.py: 0
[2016-09-22 19:17:53] EDIT deteni2/controllers/salida.py: 0
[2016-09-22 19:26:09] CREATE home.py: 0
[2016-09-22 19:41:17] CREATE home.html: 0
[2016-09-22 19:42:13] EDIT deteni2/views/home.html: 47
[2016-09-22 19:44:29] EDIT deteni2/views/home.html: 0
[2016-09-22 19:57:12] EDIT deteni2/views/home.html: 0
[2016-09-22 19:58:19] EDIT deteni2/views/home.html: 0
[2016-09-22 19:59:10] EDIT deteni2/views/home.html: 0
[2016-09-22 20:04:22] EDIT deteni2/views/home.html: 0
[2016-09-22 20:04:49] EDIT deteni2/views/home.html: 0
[2016-09-22 20:15:56] EDIT deteni2/controllers/home.py: 0
[2016-09-22 20:52:13] CREATE consulta.py: 0
[2016-09-22 20:55:26] EDIT deteni2/controllers/consulta.py: 6
[2016-09-22 20:55:35] EDIT deteni2/controllers/consulta.py: 0
[2016-09-22 20:56:27] EDIT deteni2/controllers/consulta.py: 0
[2016-09-28 22:02:56] EDIT deteni2/views/default/ingreso.html: 0
[2016-09-29 00:41:13] EDIT deteni2/static/css/web2py-bootstrap3.css: 0
[2016-10-07 07:57:22] EDIT deteni2/controllers/default.py: 1
[2016-10-07 07:59:45] EDIT deteni2/controllers/default.py: 1
[2016-10-07 08:01:25] EDIT deteni2/controllers/default.py: 0
[2016-10-07 08:02:07] EDIT deteni2/controllers/default.py: 2
[2016-10-07 08:02:15] EDIT deteni2/controllers/default.py: 0
[2016-10-07 08:02:22] EDIT deteni2/controllers/default.py: 0
[2016-10-07 12:32:30] EDIT deteni2/controllers/default.py: -1
[2016-10-07 12:33:06] EDIT deteni2/controllers/default.py: 1
[2016-10-07 12:33:13] EDIT deteni2/controllers/default.py: 0
